# JRE version: OpenJDK Runtime Environment (15.0.2+7) (build 15.0.2+7-27)
# Java VM: OpenJDK 64-Bit Server VM (15.0.2+7-27, mixed mode, tiered, compressed oops, g1 gc, linux-amd64)
GC Precious Log:
 CPUs: 16 total, 16 available
 Memory: 7371M
 Large Page Support: Disabled
 NUMA Support: Disabled
 Compressed Oops: Enabled (32-bit)
 Heap Region Size: 1M
 Heap Min Capacity: 8M
 Heap Initial Capacity: 116M
 Heap Max Capacity: 1844M
 Pre-touch: Disabled
 Parallel Workers: 13
 Concurrent Workers: 3
 Concurrent Refinement Workers: 13
 Periodic GC: Disabled
Heap:
 garbage-first heap   total 118784K, used 19221K [0x000000008cc00000, 0x0000000100000000)
  region size 1024K, 18 young (18432K), 2 survivors (2048K)
 Metaspace       used 20463K, capacity 20700K, committed 21120K, reserved 1069056K
  class space    used 1732K, capacity 1799K, committed 1920K, reserved 1048576K
GC Heap History (20 events):
Event: 160.211 GC heap before
{Heap before GC invocations=3 (full 0):
 garbage-first heap   total 118784K, used 72463K [0x000000008cc00000, 0x0000000100000000)
  region size 1024K, 69 young (70656K), 2 survivors (2048K)
 Metaspace       used 19519K, capacity 19719K, committed 19968K, reserved 1067008K
  class space    used 1663K, capacity 1728K, committed 1792K, reserved 1048576K
}
Event: 160.214 GC heap after
{Heap after GC invocations=4 (full 0):
 garbage-first heap   total 118784K, used 4859K [0x000000008cc00000, 0x0000000100000000)
  region size 1024K, 2 young (2048K), 2 survivors (2048K)
 Metaspace       used 19519K, capacity 19719K, committed 19968K, reserved 1067008K
  class space    used 1663K, capacity 1728K, committed 1792K, reserved 1048576K
}
Event: 160.230 GC heap before
{Heap before GC invocations=4 (full 0):
 garbage-first heap   total 118784K, used 72443K [0x000000008cc00000, 0x0000000100000000)
  region size 1024K, 69 young (70656K), 2 survivors (2048K)
 Metaspace       used 19519K, capacity 19719K, committed 19968K, reserved 1067008K
  class space    used 1663K, capacity 1728K, committed 1792K, reserved 1048576K
}
Event: 160.233 GC heap after
{Heap after GC invocations=5 (full 0):
 garbage-first heap   total 118784K, used 4696K [0x000000008cc00000, 0x0000000100000000)
  region size 1024K, 2 young (2048K), 2 survivors (2048K)
 Metaspace       used 19519K, capacity 19719K, committed 19968K, reserved 1067008K
  class space    used 1663K, capacity 1728K, committed 1792K, reserved 1048576K
}
Event: 160.247 GC heap before
{Heap before GC invocations=5 (full 0):
 garbage-first heap   total 118784K, used 72280K [0x000000008cc00000, 0x0000000100000000)
  region size 1024K, 69 young (70656K), 2 survivors (2048K)
 Metaspace       used 19519K, capacity 19719K, committed 19968K, reserved 1067008K
  class space    used 1663K, capacity 1728K, committed 1792K, reserved 1048576K
}
Event: 160.251 GC heap after
{Heap after GC invocations=6 (full 0):
 garbage-first heap   total 118784K, used 4740K [0x000000008cc00000, 0x0000000100000000)
  region size 1024K, 2 young (2048K), 2 survivors (2048K)
 Metaspace       used 19519K, capacity 19719K, committed 19968K, reserved 1067008K
  class space    used 1663K, capacity 1728K, committed 1792K, reserved 1048576K
}
Event: 160.264 GC heap before
{Heap before GC invocations=6 (full 0):
 garbage-first heap   total 118784K, used 72324K [0x000000008cc00000, 0x0000000100000000)
  region size 1024K, 69 young (70656K), 2 survivors (2048K)
 Metaspace       used 19519K, capacity 19719K, committed 19968K, reserved 1067008K
  class space    used 1663K, capacity 1728K, committed 1792K, reserved 1048576K
}
Event: 160.268 GC heap after
{Heap after GC invocations=7 (full 0):
 garbage-first heap   total 118784K, used 4918K [0x000000008cc00000, 0x0000000100000000)
  region size 1024K, 2 young (2048K), 2 survivors (2048K)
 Metaspace       used 19519K, capacity 19719K, committed 19968K, reserved 1067008K
  class space    used 1663K, capacity 1728K, committed 1792K, reserved 1048576K
}
Event: 218.169 GC heap before
{Heap before GC invocations=7 (full 0):
 garbage-first heap   total 118784K, used 72502K [0x000000008cc00000, 0x0000000100000000)
  region size 1024K, 69 young (70656K), 2 survivors (2048K)
 Metaspace       used 20406K, capacity 20636K, committed 21120K, reserved 1069056K
  class space    used 1732K, capacity 1799K, committed 1920K, reserved 1048576K
}
Event: 218.175 GC heap after
{Heap after GC invocations=8 (full 0):
 garbage-first heap   total 118784K, used 5047K [0x000000008cc00000, 0x0000000100000000)
  region size 1024K, 2 young (2048K), 2 survivors (2048K)
 Metaspace       used 20406K, capacity 20636K, committed 21120K, reserved 1069056K
  class space    used 1732K, capacity 1799K, committed 1920K, reserved 1048576K
}
Event: 218.191 GC heap before
{Heap before GC invocations=8 (full 0):
 garbage-first heap   total 118784K, used 72631K [0x000000008cc00000, 0x0000000100000000)
  region size 1024K, 69 young (70656K), 2 survivors (2048K)
 Metaspace       used 20409K, capacity 20636K, committed 21120K, reserved 1069056K
  class space    used 1732K, capacity 1799K, committed 1920K, reserved 1048576K
}
Event: 218.195 GC heap after
{Heap after GC invocations=9 (full 0):
 garbage-first heap   total 118784K, used 5024K [0x000000008cc00000, 0x0000000100000000)
  region size 1024K, 2 young (2048K), 2 survivors (2048K)
 Metaspace       used 20409K, capacity 20636K, committed 21120K, reserved 1069056K
  class space    used 1732K, capacity 1799K, committed 1920K, reserved 1048576K
}
Event: 218.208 GC heap before
{Heap before GC invocations=9 (full 0):
 garbage-first heap   total 118784K, used 72608K [0x000000008cc00000, 0x0000000100000000)
  region size 1024K, 69 young (70656K), 2 survivors (2048K)
 Metaspace       used 20409K, capacity 20636K, committed 21120K, reserved 1069056K
  class space    used 1732K, capacity 1799K, committed 1920K, reserved 1048576K
}
Event: 218.212 GC heap after
{Heap after GC invocations=10 (full 0):
 garbage-first heap   total 118784K, used 4949K [0x000000008cc00000, 0x0000000100000000)
  region size 1024K, 2 young (2048K), 2 survivors (2048K)
 Metaspace       used 20409K, capacity 20636K, committed 21120K, reserved 1069056K
  class space    used 1732K, capacity 1799K, committed 1920K, reserved 1048576K
}
Event: 218.226 GC heap before
{Heap before GC invocations=10 (full 0):
 garbage-first heap   total 118784K, used 72533K [0x000000008cc00000, 0x0000000100000000)
  region size 1024K, 69 young (70656K), 2 survivors (2048K)
 Metaspace       used 20409K, capacity 20636K, committed 21120K, reserved 1069056K
  class space    used 1732K, capacity 1799K, committed 1920K, reserved 1048576K
}
Event: 218.229 GC heap after
{Heap after GC invocations=11 (full 0):
 garbage-first heap   total 118784K, used 4964K [0x000000008cc00000, 0x0000000100000000)
  region size 1024K, 2 young (2048K), 2 survivors (2048K)
 Metaspace       used 20409K, capacity 20636K, committed 21120K, reserved 1069056K
  class space    used 1732K, capacity 1799K, committed 1920K, reserved 1048576K
}
Event: 218.243 GC heap before
{Heap before GC invocations=11 (full 0):
 garbage-first heap   total 118784K, used 72548K [0x000000008cc00000, 0x0000000100000000)
  region size 1024K, 69 young (70656K), 2 survivors (2048K)
 Metaspace       used 20409K, capacity 20636K, committed 21120K, reserved 1069056K
  class space    used 1732K, capacity 1799K, committed 1920K, reserved 1048576K
}
Event: 218.247 GC heap after
{Heap after GC invocations=12 (full 0):
 garbage-first heap   total 118784K, used 4965K [0x000000008cc00000, 0x0000000100000000)
  region size 1024K, 2 young (2048K), 2 survivors (2048K)
 Metaspace       used 20409K, capacity 20636K, committed 21120K, reserved 1069056K
  class space    used 1732K, capacity 1799K, committed 1920K, reserved 1048576K
}
Event: 218.261 GC heap before
{Heap before GC invocations=12 (full 0):
 garbage-first heap   total 118784K, used 72549K [0x000000008cc00000, 0x0000000100000000)
  region size 1024K, 69 young (70656K), 2 survivors (2048K)
 Metaspace       used 20409K, capacity 20636K, committed 21120K, reserved 1069056K
  class space    used 1732K, capacity 1799K, committed 1920K, reserved 1048576K
}
Event: 218.265 GC heap after
{Heap after GC invocations=13 (full 0):
 garbage-first heap   total 118784K, used 4885K [0x000000008cc00000, 0x0000000100000000)
  region size 1024K, 2 young (2048K), 2 survivors (2048K)
 Metaspace       used 20409K, capacity 20636K, committed 21120K, reserved 1069056K
  class space    used 1732K, capacity 1799K, committed 1920K, reserved 1048576K
}

